2025-03-08 10:51:35 [restartedMain] INFO  - Starting EmployeePayrollApplication using Java 23.0.2 with PID 746 (/Users/Sarthak/Employee-Payroll/EmployeePayroll/target/classes started by Sarthak in /Users/Sarthak/Employee-Payroll)
2025-03-08 10:51:35 [restartedMain] INFO  - The following 1 profile is active: "prod"
2025-03-08 10:51:36 [restartedMain] INFO  - Devtools property defaults active! Set 'spring.devtools.add-properties' to 'false' to disable
2025-03-08 10:51:36 [restartedMain] INFO  - For additional web related logging consider setting the 'logging.level.web' property to 'DEBUG'
2025-03-08 10:51:36 [restartedMain] INFO  - Bootstrapping Spring Data JPA repositories in DEFAULT mode.
2025-03-08 10:51:36 [restartedMain] INFO  - Finished Spring Data repository scanning in 19 ms. Found 1 JPA repository interface.
2025-03-08 10:51:36 [restartedMain] INFO  - Tomcat initialized with port 8080 (http)
2025-03-08 10:51:36 [restartedMain] INFO  - Starting service [Tomcat]
2025-03-08 10:51:36 [restartedMain] INFO  - Starting Servlet engine: [Apache Tomcat/10.1.36]
2025-03-08 10:51:36 [restartedMain] INFO  - Initializing Spring embedded WebApplicationContext
2025-03-08 10:51:36 [restartedMain] INFO  - Root WebApplicationContext: initialization completed in 615 ms
2025-03-08 10:51:36 [restartedMain] INFO  - HHH000204: Processing PersistenceUnitInfo [name: default]
2025-03-08 10:51:36 [restartedMain] INFO  - HHH000412: Hibernate ORM core version 6.6.8.Final
2025-03-08 10:51:36 [restartedMain] INFO  - HHH000026: Second-level cache disabled
2025-03-08 10:51:36 [restartedMain] INFO  - No LoadTimeWeaver setup: ignoring JPA class transformer
2025-03-08 10:51:36 [restartedMain] INFO  - HikariPool-1 - Starting...
2025-03-08 10:51:37 [restartedMain] INFO  - HikariPool-1 - Added connection com.mysql.cj.jdbc.ConnectionImpl@72f247c8
2025-03-08 10:51:37 [restartedMain] INFO  - HikariPool-1 - Start completed.
2025-03-08 10:51:37 [restartedMain] INFO  - HHH10001005: Database info:
	Database JDBC URL [Connecting through datasource 'HikariDataSource (HikariPool-1)']
	Database driver: undefined/unknown
	Database version: 8.3
	Autocommit mode: undefined/unknown
	Isolation level: undefined/unknown
	Minimum pool size: undefined/unknown
	Maximum pool size: undefined/unknown
2025-03-08 10:51:37 [restartedMain] INFO  - HHH000489: No JTA platform available (set 'hibernate.transaction.jta.platform' to enable JTA platform integration)
2025-03-08 10:51:37 [restartedMain] INFO  - Initialized JPA EntityManagerFactory for persistence unit 'default'
2025-03-08 10:51:37 [restartedMain] WARN  - spring.jpa.open-in-view is enabled by default. Therefore, database queries may be performed during view rendering. Explicitly configure spring.jpa.open-in-view to disable this warning
2025-03-08 10:51:37 [restartedMain] INFO  - H2 console available at '/h2-console'. Database available at 'jdbc:mysql://localhost:3306/employee_db'
2025-03-08 10:51:37 [restartedMain] INFO  - LiveReload server is running on port 35729
2025-03-08 10:51:37 [restartedMain] INFO  - Tomcat started on port 8080 (http) with context path '/'
2025-03-08 10:51:37 [restartedMain] INFO  - Started EmployeePayrollApplication in 2.082 seconds (process running for 2.365)
2025-03-08 10:53:35 [SpringApplicationShutdownHook] INFO  - Commencing graceful shutdown. Waiting for active requests to complete
2025-03-08 10:53:35 [tomcat-shutdown] INFO  - Graceful shutdown complete
2025-03-08 10:53:35 [SpringApplicationShutdownHook] INFO  - Closing JPA EntityManagerFactory for persistence unit 'default'
2025-03-08 10:53:35 [SpringApplicationShutdownHook] INFO  - HikariPool-1 - Shutdown initiated...
2025-03-08 10:53:35 [SpringApplicationShutdownHook] INFO  - HikariPool-1 - Shutdown completed.
2025-03-08 10:53:36 [restartedMain] INFO  - Starting EmployeePayrollApplication using Java 23.0.2 with PID 766 (/Users/Sarthak/Employee-Payroll/EmployeePayroll/target/classes started by Sarthak in /Users/Sarthak/Employee-Payroll)
2025-03-08 10:53:36 [restartedMain] INFO  - The following 1 profile is active: "prod"
2025-03-08 10:53:36 [restartedMain] INFO  - Devtools property defaults active! Set 'spring.devtools.add-properties' to 'false' to disable
2025-03-08 10:53:36 [restartedMain] INFO  - For additional web related logging consider setting the 'logging.level.web' property to 'DEBUG'
2025-03-08 10:53:37 [restartedMain] INFO  - Bootstrapping Spring Data JPA repositories in DEFAULT mode.
2025-03-08 10:53:37 [restartedMain] INFO  - Finished Spring Data repository scanning in 18 ms. Found 1 JPA repository interface.
2025-03-08 10:53:37 [restartedMain] INFO  - Tomcat initialized with port 8080 (http)
2025-03-08 10:53:37 [restartedMain] INFO  - Starting service [Tomcat]
2025-03-08 10:53:37 [restartedMain] INFO  - Starting Servlet engine: [Apache Tomcat/10.1.36]
2025-03-08 10:53:37 [restartedMain] INFO  - Initializing Spring embedded WebApplicationContext
2025-03-08 10:53:37 [restartedMain] INFO  - Root WebApplicationContext: initialization completed in 595 ms
2025-03-08 10:53:37 [restartedMain] INFO  - HHH000204: Processing PersistenceUnitInfo [name: default]
2025-03-08 10:53:37 [restartedMain] INFO  - HHH000412: Hibernate ORM core version 6.6.8.Final
2025-03-08 10:53:37 [restartedMain] INFO  - HHH000026: Second-level cache disabled
2025-03-08 10:53:37 [restartedMain] INFO  - No LoadTimeWeaver setup: ignoring JPA class transformer
2025-03-08 10:53:37 [restartedMain] INFO  - HikariPool-1 - Starting...
2025-03-08 10:53:37 [restartedMain] INFO  - HikariPool-1 - Added connection com.mysql.cj.jdbc.ConnectionImpl@29521167
2025-03-08 10:53:37 [restartedMain] INFO  - HikariPool-1 - Start completed.
2025-03-08 10:53:37 [restartedMain] INFO  - HHH10001005: Database info:
	Database JDBC URL [Connecting through datasource 'HikariDataSource (HikariPool-1)']
	Database driver: undefined/unknown
	Database version: 8.3
	Autocommit mode: undefined/unknown
	Isolation level: undefined/unknown
	Minimum pool size: undefined/unknown
	Maximum pool size: undefined/unknown
2025-03-08 10:53:38 [restartedMain] INFO  - HHH000489: No JTA platform available (set 'hibernate.transaction.jta.platform' to enable JTA platform integration)
2025-03-08 10:53:38 [restartedMain] INFO  - Initialized JPA EntityManagerFactory for persistence unit 'default'
2025-03-08 10:53:38 [restartedMain] INFO  - H2 console available at '/h2-console'. Database available at 'jdbc:mysql://localhost:3306/employee_db'
2025-03-08 10:53:38 [restartedMain] INFO  - LiveReload server is running on port 35729
2025-03-08 10:53:38 [restartedMain] INFO  - Tomcat started on port 8080 (http) with context path '/'
2025-03-08 10:53:38 [restartedMain] INFO  - Started EmployeePayrollApplication in 2.034 seconds (process running for 2.312)
2025-03-08 10:54:15 [http-nio-8080-exec-1] INFO  - Initializing Spring DispatcherServlet 'dispatcherServlet'
2025-03-08 10:54:15 [http-nio-8080-exec-1] INFO  - Initializing Servlet 'dispatcherServlet'
2025-03-08 10:54:15 [http-nio-8080-exec-1] INFO  - Completed initialization in 12 ms
2025-03-08 11:01:51 [SpringApplicationShutdownHook] INFO  - Commencing graceful shutdown. Waiting for active requests to complete
2025-03-08 11:01:51 [tomcat-shutdown] INFO  - Graceful shutdown complete
2025-03-08 11:01:51 [SpringApplicationShutdownHook] INFO  - Closing JPA EntityManagerFactory for persistence unit 'default'
2025-03-08 11:01:51 [SpringApplicationShutdownHook] INFO  - HikariPool-1 - Shutdown initiated...
2025-03-08 11:01:51 [SpringApplicationShutdownHook] INFO  - HikariPool-1 - Shutdown completed.
